Started by user sriteja boddula
Running in Durability level: MAX_SURVIVABILITY
[Pipeline] Start of Pipeline
[Pipeline] node
Running on Jenkins in /var/lib/jenkins/workspace/casestudy-pipeline
[Pipeline] {
[Pipeline] stage
[Pipeline] { (Preparation)
[Pipeline] echo
Preparing the Jenkins environment with required tools
[Pipeline] tool
[Pipeline] tool
[Pipeline] }
[Pipeline] // stage
[Pipeline] stage
[Pipeline] { (git checkout)
[Pipeline] echo
Checking out the code from git repository.
[Pipeline] git
The recommended git tool is: NONE
No credentials specified
Cloning the remote Git repository
Cloning repository https://github.com/sriteja1232/batch10-1.git
 > git init /var/lib/jenkins/workspace/casestudy-pipeline # timeout=10
Fetching upstream changes from https://github.com/sriteja1232/batch10-1.git
 > git --version # timeout=10
 > git --version # 'git version 2.7.4'
 > git fetch --tags --progress https://github.com/sriteja1232/batch10-1.git +refs/heads/*:refs/remotes/origin/* # timeout=10
 > git config remote.origin.url https://github.com/sriteja1232/batch10-1.git # timeout=10
 > git config --add remote.origin.fetch +refs/heads/*:refs/remotes/origin/* # timeout=10
Avoid second fetch
 > git rev-parse refs/remotes/origin/master^{commit} # timeout=10
Checking out Revision c059d04983eef1fe3cb263086e71494b28abd674 (refs/remotes/origin/master)
 > git config core.sparsecheckout # timeout=10
 > git checkout -f c059d04983eef1fe3cb263086e71494b28abd674 # timeout=10
 > git branch -a -v --no-abbrev # timeout=10
 > git checkout -b master c059d04983eef1fe3cb263086e71494b28abd674 # timeout=10
Commit message: "Update Dockerfile"
 > git rev-list --no-walk c059d04983eef1fe3cb263086e71494b28abd674 # timeout=10
[Pipeline] }
[Pipeline] // stage
[Pipeline] stage
[Pipeline] { (Build, Test and Package)
[Pipeline] echo
Building the springboot application
[Pipeline] sh
+ /var/lib/jenkins/tools/hudson.tasks.Maven_MavenInstallation/Maven1/bin/mvn clean package
[INFO] Scanning for projects...
[WARNING] 
[WARNING] Some problems were encountered while building the effective model for org.test:my-test-app:jar:0.0.1-SNAPSHOT
[WARNING] 'build.plugins.plugin.(groupId:artifactId)' must be unique but found duplicate declaration of plugin org.springframework.boot:spring-boot-maven-plugin @ line 40, column 11
[WARNING] 
[WARNING] It is highly recommended to fix these problems because they threaten the stability of your build.
[WARNING] 
[WARNING] For this reason, future Maven versions might no longer support building such malformed projects.
[WARNING] 
[INFO] 
[INFO] ------------------------< org.test:my-test-app >------------------------
[INFO] Building my-test-app 0.0.1-SNAPSHOT
[INFO] --------------------------------[ jar ]---------------------------------
[INFO] 
[INFO] --- maven-clean-plugin:3.0.0:clean (default-clean) @ my-test-app ---
[INFO] 
[INFO] --- maven-resources-plugin:3.0.1:resources (default-resources) @ my-test-app ---
[INFO] Using 'UTF-8' encoding to copy filtered resources.
[INFO] Copying 1 resource
[INFO] Copying 0 resource
[INFO] 
[INFO] --- maven-compiler-plugin:3.7.0:compile (default-compile) @ my-test-app ---
[INFO] Changes detected - recompiling the module!
[INFO] Compiling 2 source files to /var/lib/jenkins/workspace/casestudy-pipeline/target/classes
[INFO] 
[INFO] --- maven-resources-plugin:3.0.1:testResources (default-testResources) @ my-test-app ---
[INFO] Using 'UTF-8' encoding to copy filtered resources.
[INFO] skip non existing resourceDirectory /var/lib/jenkins/workspace/casestudy-pipeline/src/test/resources
[INFO] 
[INFO] --- maven-compiler-plugin:3.7.0:testCompile (default-testCompile) @ my-test-app ---
[INFO] No sources to compile
[INFO] 
[INFO] --- maven-surefire-plugin:2.21.0:test (default-test) @ my-test-app ---
[INFO] No tests to run.
[INFO] 
[INFO] --- maven-jar-plugin:3.0.2:jar (default-jar) @ my-test-app ---
[INFO] Building jar: /var/lib/jenkins/workspace/casestudy-pipeline/target/my-test-app-0.0.1-SNAPSHOT.jar
[INFO] 
[INFO] --- spring-boot-maven-plugin:2.0.3.RELEASE:repackage (default) @ my-test-app ---
[INFO] 
[INFO] --- maven-dependency-plugin:3.0.2:unpack (unpack) @ my-test-app ---
[INFO] Configured Artifact: org.test:my-test-app:0.0.1-SNAPSHOT:jar
[INFO] Unpacking /var/lib/jenkins/workspace/casestudy-pipeline/target/my-test-app-0.0.1-SNAPSHOT.jar to /var/lib/jenkins/workspace/casestudy-pipeline/target/dependency with includes "" and excludes ""
[INFO] ------------------------------------------------------------------------
[INFO] BUILD SUCCESS
[INFO] ------------------------------------------------------------------------
[INFO] Total time:  7.516 s
[INFO] Finished at: 2021-06-04T12:11:29Z
[INFO] ------------------------------------------------------------------------
[Pipeline] }
[Pipeline] // stage
[Pipeline] stage
[Pipeline] { (Sonar Scan)
[Pipeline] echo
Scanning application for vulnerabilities using Sonar...
[Pipeline] sh
+ /var/lib/jenkins/tools/hudson.tasks.Maven_MavenInstallation/Maven1/bin/mvn sonar:sonar -Dsonar.host.url=http://35.184.215.101:9000/ -Dsonar.projectKey=sonar -Dsonar.login=admin -Dsonar.password=password -Dsonar.java.binaries=target
[INFO] Scanning for projects...
[WARNING] 
[WARNING] Some problems were encountered while building the effective model for org.test:my-test-app:jar:0.0.1-SNAPSHOT
[WARNING] 'build.plugins.plugin.(groupId:artifactId)' must be unique but found duplicate declaration of plugin org.springframework.boot:spring-boot-maven-plugin @ line 40, column 11
[WARNING] 
[WARNING] It is highly recommended to fix these problems because they threaten the stability of your build.
[WARNING] 
[WARNING] For this reason, future Maven versions might no longer support building such malformed projects.
[WARNING] 
[WARNING] The POM for org.eclipse.m2e:lifecycle-mapping:jar:1.0.0 is missing, no dependency information available
[WARNING] Failed to retrieve plugin descriptor for org.eclipse.m2e:lifecycle-mapping:1.0.0: Plugin org.eclipse.m2e:lifecycle-mapping:1.0.0 or one of its dependencies could not be resolved: org.eclipse.m2e:lifecycle-mapping:jar:1.0.0 was not found in https://repo.maven.apache.org/maven2 during a previous attempt. This failure was cached in the local repository and resolution is not reattempted until the update interval of central has elapsed or updates are forced
[INFO] 
[INFO] ------------------------< org.test:my-test-app >------------------------
[INFO] Building my-test-app 0.0.1-SNAPSHOT
[INFO] --------------------------------[ jar ]---------------------------------
[WARNING] The POM for org.eclipse.m2e:lifecycle-mapping:jar:1.0.0 is missing, no dependency information available
[WARNING] Failed to retrieve plugin descriptor for org.eclipse.m2e:lifecycle-mapping:1.0.0: Plugin org.eclipse.m2e:lifecycle-mapping:1.0.0 or one of its dependencies could not be resolved: org.eclipse.m2e:lifecycle-mapping:jar:1.0.0 was not found in https://repo.maven.apache.org/maven2 during a previous attempt. This failure was cached in the local repository and resolution is not reattempted until the update interval of central has elapsed or updates are forced
[INFO] 
[INFO] --- sonar-maven-plugin:3.9.0.2155:sonar (default-cli) @ my-test-app ---
[INFO] User cache: /var/lib/jenkins/.sonar/cache
[INFO] SonarQube version: 8.9.0
[INFO] Default locale: "en_US", source code encoding: "UTF-8"
[WARNING] SonarScanner will require Java 11 to run, starting in SonarQube 9.x
[INFO] Load global settings
[INFO] Load global settings (done) | time=870ms
[INFO] Server id: BF41A1F2-AXnWtY9ga9O7k_i3Q8cX
[INFO] User cache: /var/lib/jenkins/.sonar/cache
[INFO] Load/download plugins
[INFO] Load plugins index
[INFO] Load plugins index (done) | time=489ms
[INFO] Load/download plugins (done) | time=605ms
[INFO] Process project properties
[INFO] Process project properties (done) | time=354ms
[INFO] Execute project builders
[INFO] Execute project builders (done) | time=2ms
[INFO] Project key: sonar
[INFO] Base dir: /var/lib/jenkins/workspace/casestudy-pipeline
[INFO] Working dir: /var/lib/jenkins/workspace/casestudy-pipeline/target/sonar
[INFO] Load project settings for component key: 'sonar'
[INFO] Load project settings for component key: 'sonar' (done) | time=353ms
[INFO] Auto-configuring with CI 'Jenkins'
[INFO] Load quality profiles
[INFO] Load quality profiles (done) | time=433ms
[INFO] Auto-configuring with CI 'Jenkins'
[INFO] Load active rules
[INFO] Load active rules (done) | time=8786ms
[INFO] Indexing files...
[INFO] Project configuration:
[INFO] 3 files indexed
[INFO] 0 files ignored because of scm ignore settings
[INFO] Quality profile for java: Sonar way
[INFO] Quality profile for xml: Sonar way
[INFO] ------------- Run sensors on module my-test-app
[INFO] Load metrics repository
[INFO] Load metrics repository (done) | time=383ms
[INFO] Sensor JavaSquidSensor [java]
[INFO] Configured Java source version (sonar.java.source): 8
[INFO] JavaClasspath initialization
[INFO] JavaClasspath initialization (done) | time=23ms
[INFO] JavaTestClasspath initialization
[INFO] JavaTestClasspath initialization (done) | time=4ms
[INFO] Java Main Files AST scan
[INFO] 2 source files to be analyzed
[INFO] Load project repositories
[INFO] Load project repositories (done) | time=250ms
[INFO] 2/2 source files have been analyzed
[INFO] Java Main Files AST scan (done) | time=2983ms
[INFO] Java Test Files AST scan
[INFO] 0 source files to be analyzed
[INFO] 0/0 source files have been analyzed
[INFO] Java Test Files AST scan (done) | time=16ms
[INFO] Java Generated Files AST scan
[INFO] 0 source files to be analyzed
[INFO] 0/0 source files have been analyzed
[INFO] Java Generated Files AST scan (done) | time=2ms
[INFO] Sensor JavaSquidSensor [java] (done) | time=3418ms
[INFO] Sensor CSS Rules [cssfamily]
[INFO] No CSS, PHP, HTML or VueJS files are found in the project. CSS analysis is skipped.
[INFO] Sensor CSS Rules [cssfamily] (done) | time=1ms
[INFO] Sensor JaCoCo XML Report Importer [jacoco]
[INFO] 'sonar.coverage.jacoco.xmlReportPaths' is not defined. Using default locations: target/site/jacoco/jacoco.xml,target/site/jacoco-it/jacoco.xml,build/reports/jacoco/test/jacocoTestReport.xml
[INFO] No report imported, no coverage information will be imported by JaCoCo XML Report Importer
[INFO] Sensor JaCoCo XML Report Importer [jacoco] (done) | time=10ms
[INFO] Sensor C# Project Type Information [csharp]
[INFO] Sensor C# Project Type Information [csharp] (done) | time=6ms
[INFO] Sensor C# Properties [csharp]
[INFO] Sensor C# Properties [csharp] (done) | time=2ms
[INFO] Sensor SurefireSensor [java]
[INFO] parsing [/var/lib/jenkins/workspace/casestudy-pipeline/target/surefire-reports]
[INFO] Sensor SurefireSensor [java] (done) | time=2ms
[INFO] Sensor JavaXmlSensor [java]
[INFO] 1 source file to be analyzed
[INFO] 1/1 source file has been analyzed
[INFO] Sensor JavaXmlSensor [java] (done) | time=611ms
[INFO] Sensor HTML [web]
[INFO] Sensor HTML [web] (done) | time=11ms
[INFO] Sensor XML Sensor [xml]
[INFO] 1 source file to be analyzed
[INFO] 1/1 source file has been analyzed
[INFO] Sensor XML Sensor [xml] (done) | time=535ms
[INFO] Sensor VB.NET Project Type Information [vbnet]
[INFO] Sensor VB.NET Project Type Information [vbnet] (done) | time=1ms
[INFO] Sensor VB.NET Properties [vbnet]
[INFO] Sensor VB.NET Properties [vbnet] (done) | time=1ms
[INFO] ------------- Run sensors on project
[INFO] Sensor Zero Coverage Sensor
[INFO] Sensor Zero Coverage Sensor (done) | time=69ms
[INFO] Sensor Java CPD Block Indexer
[INFO] Sensor Java CPD Block Indexer (done) | time=96ms
[INFO] CPD Executor Calculating CPD for 2 files
[INFO] CPD Executor CPD calculation finished (done) | time=49ms
[INFO] Analysis report generated in 393ms, dir size=108 KB
[INFO] Analysis report compressed in 84ms, zip size=19 KB
[INFO] Analysis report uploaded in 397ms
[INFO] ANALYSIS SUCCESSFUL, you can browse http://35.184.215.101:9000/dashboard?id=sonar
[INFO] Note that you will be able to access the updated dashboard once the server has processed the submitted analysis report
[INFO] More about the report processing at http://35.184.215.101:9000/api/ce/task?id=AXnW7-6Pa9O7k_i3RBNb
[INFO] Analysis total time: 20.305 s
[INFO] ------------------------------------------------------------------------
[INFO] BUILD SUCCESS
[INFO] ------------------------------------------------------------------------
[INFO] Total time:  26.487 s
[INFO] Finished at: 2021-06-04T12:11:59Z
[INFO] ------------------------------------------------------------------------
[Pipeline] }
[Pipeline] // stage
[Pipeline] stage
[Pipeline] { (Publish Report)
[Pipeline] echo
 Publishing HTML report..
[Pipeline] publishHTML
[htmlpublisher] Archiving HTML reports...
[htmlpublisher] Archiving at PROJECT level /var/lib/jenkins/workspace/casestudy-pipeline to /var/lib/jenkins/jobs/casestudy-pipeline/htmlreports/HTML_20Report
[Pipeline] }
[Pipeline] // stage
[Pipeline] stage
[Pipeline] { (Build Docker Image)
[Pipeline] echo
Building docker image for springboot application.
[Pipeline] sh
+ docker build -t sriteja12321/spring:1.4 .
Sending build context to Docker daemon  32.58MB

Step 1/5 : FROM openjdk:8-jdk-alpine
 ---> a3562aa0b991
Step 2/5 : MAINTAINER Sriteja
 ---> Using cache
 ---> 39c3bfa5c6a4
Step 3/5 : COPY /target/my-test-app-0.0.1-SNAPSHOT.jar /usr/app
 ---> 5e533c241276
Step 4/5 : RUN sh -c 'touch my-test-app-0.0.1-SNAPSHOT.jar'
 ---> Running in a03bf39e4c77
Removing intermediate container a03bf39e4c77
 ---> 3a313e3b8cdf
Step 5/5 : ENTRYPOINT ["java","-jar","bootcamp-0.0.1-SNAPSHOT.jar"]
 ---> Running in 6e4754fbb3aa
Removing intermediate container 6e4754fbb3aa
 ---> a917994eded2
Successfully built a917994eded2
Successfully tagged sriteja12321/spring:1.4
[Pipeline] }
[Pipeline] // stage
[Pipeline] stage
[Pipeline] { (Push Docker Image to Docker Registry)
[Pipeline] echo
Pushing image to docker hub
[Pipeline] withCredentials
Masking supported pattern matches of $dockerHubPwd
[Pipeline] {
[Pipeline] sh
Warning: A secret was passed to "sh" using Groovy String interpolation, which is insecure.
		 Affected argument(s) used the following variable(s): [dockerHubPwd]
		 See https://jenkins.io/redirect/groovy-string-interpolation for details.
+ docker login -u sriteja12321-p ****
WARNING! Using --password via the CLI is insecure. Use --password-stdin.
WARNING! Your password will be stored unencrypted in /var/lib/jenkins/.docker/config.json.
Configure a credential helper to remove this warning. See
https://docs.docker.com/engine/reference/commandline/login/#credentials-store

Login Succeeded
[Pipeline] }
[Pipeline] // withCredentials
[Pipeline] sh
+ docker push sriteja12321/spring:1.4
The push refers to repository [docker.io/sriteja12321/spring]
0f80d9d43421: Preparing
35cc222c07a8: Preparing
a1e7033f082e: Preparing
78075328e0da: Preparing
9f8566ee5135: Preparing
9f8566ee5135: Layer already exists
78075328e0da: Layer already exists
a1e7033f082e: Layer already exists
0f80d9d43421: Pushed
35cc222c07a8: Pushed
1.4: digest: sha256:dd55a6243938a0178da2bd06a9f0c57d377f006c72f1e1e2b45053a34017d19e size: 1371
[Pipeline] }
[Pipeline] // stage
[Pipeline] stage
[Pipeline] { (Deploy Application)
[Pipeline] echo
Installing desired software..
[Pipeline] echo
Bring docker service up and running
[Pipeline] echo
Deploying spring application
[Pipeline] ansiblePlaybook
[case] $ ansible-playbook deploy-playbook.yml -i /etc/ansible/hosts --private-key /var/lib/jenkins/workspace/case/ssh8924211327540496358.key -u root

PLAY ***************************************************************************

TASK [setup] *******************************************************************
ok: [10.128.0.12]

TASK [install docker] **********************************************************
ok: [10.128.0.12]

TASK [start docker service] ****************************************************
ok: [10.128.0.12]

TASK [run docker image] ********************************************************
changed: [10.128.0.12]
 [WARNING]: Consider using 'become', 'become_method', and 'become_user' rather
than running sudo

PLAY RECAP *********************************************************************
10.128.0.12                : ok=4    changed=1    unreachable=0    failed=0   

[Pipeline] }
[Pipeline] // stage
[Pipeline] stage
[Pipeline] { (Deploy Application)
[Pipeline] echo
Installing desired software..
[Pipeline] echo
Bring docker service up and running
[Pipeline] echo
Deploying spring application
[Pipeline] emailext
Sending email to: sriteja.boddula@gmail.com
[Pipeline] }
[Pipeline] // stage
[Pipeline] stage
[Pipeline] { (Clean up)
[Pipeline] echo
Cleaning up the workspace...
[Pipeline] cleanWs
[WS-CLEANUP] Deleting project workspace...
[WS-CLEANUP] Deferred wipeout is used...
[WS-CLEANUP] done
[Pipeline] }
[Pipeline] // stage
[Pipeline] stage
[Pipeline] { (Email test)
[Pipeline] emailext
Sending email to: sriteja.boddula@gmail.com
[Pipeline] }
[Pipeline] // stage
[Pipeline] }
[Pipeline] // node
[Pipeline] node
Running on Jenkins in /var/lib/jenkins/workspace/casestudy-pipeline
[Pipeline] {
[Pipeline] echo
finally gets executed and end an email notification for every build
[Pipeline] }
[Pipeline] // node
[Pipeline] End of Pipeline
Finished: SUCCESS
